mode: set
github.com/mmorejon/microservices-docker-go-mongodb/movies/cmd/app/handlers.go:11.69,14.16 2 0
github.com/mmorejon/microservices-docker-go-mongodb/movies/cmd/app/handlers.go:14.16,16.3 1 0
github.com/mmorejon/microservices-docker-go-mongodb/movies/cmd/app/handlers.go:19.2,20.16 2 0
github.com/mmorejon/microservices-docker-go-mongodb/movies/cmd/app/handlers.go:20.16,22.3 1 0
github.com/mmorejon/microservices-docker-go-mongodb/movies/cmd/app/handlers.go:24.2,29.12 4 0
github.com/mmorejon/microservices-docker-go-mongodb/movies/cmd/app/handlers.go:32.74,39.16 4 0
github.com/mmorejon/microservices-docker-go-mongodb/movies/cmd/app/handlers.go:39.16,40.38 1 0
github.com/mmorejon/microservices-docker-go-mongodb/movies/cmd/app/handlers.go:40.38,43.4 2 0
github.com/mmorejon/microservices-docker-go-mongodb/movies/cmd/app/handlers.go:45.3,45.26 1 0
github.com/mmorejon/microservices-docker-go-mongodb/movies/cmd/app/handlers.go:49.2,50.16 2 0
github.com/mmorejon/microservices-docker-go-mongodb/movies/cmd/app/handlers.go:50.16,52.3 1 0
github.com/mmorejon/microservices-docker-go-mongodb/movies/cmd/app/handlers.go:54.2,59.12 4 0
github.com/mmorejon/microservices-docker-go-mongodb/movies/cmd/app/handlers.go:62.72,67.16 3 0
github.com/mmorejon/microservices-docker-go-mongodb/movies/cmd/app/handlers.go:67.16,69.3 1 0
github.com/mmorejon/microservices-docker-go-mongodb/movies/cmd/app/handlers.go:72.2,73.16 2 0
github.com/mmorejon/microservices-docker-go-mongodb/movies/cmd/app/handlers.go:73.16,75.3 1 0
github.com/mmorejon/microservices-docker-go-mongodb/movies/cmd/app/handlers.go:77.2,77.83 1 0
github.com/mmorejon/microservices-docker-go-mongodb/movies/cmd/app/handlers.go:80.72,87.16 4 0
github.com/mmorejon/microservices-docker-go-mongodb/movies/cmd/app/handlers.go:87.16,89.3 1 0
github.com/mmorejon/microservices-docker-go-mongodb/movies/cmd/app/handlers.go:91.2,91.83 1 0
github.com/mmorejon/microservices-docker-go-mongodb/movies/cmd/app/helpers.go:9.71,14.2 3 0
github.com/mmorejon/microservices-docker-go-mongodb/movies/cmd/app/helpers.go:16.72,18.2 1 0
github.com/mmorejon/microservices-docker-go-mongodb/movies/cmd/app/main.go:23.13,39.24 10 0
github.com/mmorejon/microservices-docker-go-mongodb/movies/cmd/app/main.go:39.24,44.3 1 0
github.com/mmorejon/microservices-docker-go-mongodb/movies/cmd/app/main.go:47.2,48.16 2 0
github.com/mmorejon/microservices-docker-go-mongodb/movies/cmd/app/main.go:48.16,50.3 1 0
github.com/mmorejon/microservices-docker-go-mongodb/movies/cmd/app/main.go:51.2,55.16 4 0
github.com/mmorejon/microservices-docker-go-mongodb/movies/cmd/app/main.go:55.16,57.3 1 0
github.com/mmorejon/microservices-docker-go-mongodb/movies/cmd/app/main.go:59.2,59.15 1 0
github.com/mmorejon/microservices-docker-go-mongodb/movies/cmd/app/main.go:59.15,60.47 1 0
github.com/mmorejon/microservices-docker-go-mongodb/movies/cmd/app/main.go:60.47,61.14 1 0
github.com/mmorejon/microservices-docker-go-mongodb/movies/cmd/app/main.go:65.2,89.19 7 0
github.com/mmorejon/microservices-docker-go-mongodb/movies/cmd/app/routes.go:7.46,16.2 6 0
